# JRE version: OpenJDK Runtime Environment (11.0.11+9) (build 11.0.11+9-b60-7590822)
# Java VM: OpenJDK 64-Bit Server VM (11.0.11+9-b60-7590822, mixed mode, tiered, compressed oops, g1 gc, windows-amd64)
Heap:
 garbage-first heap   total 362496K, used 230176K [0x0000000080000000, 0x0000000100000000)
  region size 1024K, 10 young (10240K), 6 survivors (6144K)
 Metaspace       used 163043K, capacity 167023K, committed 168788K, reserved 1196032K
  class space    used 20242K, capacity 21816K, committed 22272K, reserved 1048576K
GC Heap History (20 events):
Event: 5107.774 GC heap before
{Heap before GC invocations=110 (full 0):
 garbage-first heap   total 227328K, used 197782K [0x0000000080000000, 0x0000000100000000)
  region size 1024K, 11 young (11264K), 4 survivors (4096K)
 Metaspace       used 162355K, capacity 166303K, committed 168532K, reserved 1196032K
  class space    used 20194K, capacity 21734K, committed 22272K, reserved 1048576K
}
Event: 5107.791 GC heap after
{Heap after GC invocations=111 (full 0):
 garbage-first heap   total 227328K, used 167936K [0x0000000080000000, 0x0000000100000000)
  region size 1024K, 2 young (2048K), 2 survivors (2048K)
 Metaspace       used 162355K, capacity 166303K, committed 168532K, reserved 1196032K
  class space    used 20194K, capacity 21734K, committed 22272K, reserved 1048576K
}
Event: 5108.125 GC heap before
{Heap before GC invocations=111 (full 0):
 garbage-first heap   total 227328K, used 186368K [0x0000000080000000, 0x0000000100000000)
  region size 1024K, 21 young (21504K), 2 survivors (2048K)
 Metaspace       used 162432K, capacity 166345K, committed 168532K, reserved 1196032K
  class space    used 20200K, capacity 21742K, committed 22272K, reserved 1048576K
}
Event: 5108.135 GC heap after
{Heap after GC invocations=112 (full 0):
 garbage-first heap   total 227328K, used 170093K [0x0000000080000000, 0x0000000100000000)
  region size 1024K, 2 young (2048K), 2 survivors (2048K)
 Metaspace       used 162432K, capacity 166345K, committed 168532K, reserved 1196032K
  class space    used 20200K, capacity 21742K, committed 22272K, reserved 1048576K
}
Event: 5108.517 GC heap before
{Heap before GC invocations=113 (full 0):
 garbage-first heap   total 227328K, used 173165K [0x0000000080000000, 0x0000000100000000)
  region size 1024K, 21 young (21504K), 2 survivors (2048K)
 Metaspace       used 162522K, capacity 166419K, committed 168532K, reserved 1196032K
  class space    used 20211K, capacity 21744K, committed 22272K, reserved 1048576K
}
Event: 5108.523 GC heap after
{Heap after GC invocations=114 (full 0):
 garbage-first heap   total 227328K, used 155431K [0x0000000080000000, 0x0000000100000000)
  region size 1024K, 2 young (2048K), 2 survivors (2048K)
 Metaspace       used 162522K, capacity 166419K, committed 168532K, reserved 1196032K
  class space    used 20211K, capacity 21744K, committed 22272K, reserved 1048576K
}
Event: 5108.580 GC heap before
{Heap before GC invocations=114 (full 0):
 garbage-first heap   total 227328K, used 163623K [0x0000000080000000, 0x0000000100000000)
  region size 1024K, 11 young (11264K), 2 survivors (2048K)
 Metaspace       used 162542K, capacity 166425K, committed 168532K, reserved 1196032K
  class space    used 20212K, capacity 21745K, committed 22272K, reserved 1048576K
}
Event: 5108.589 GC heap after
{Heap after GC invocations=115 (full 0):
 garbage-first heap   total 227328K, used 151232K [0x0000000080000000, 0x0000000100000000)
  region size 1024K, 2 young (2048K), 2 survivors (2048K)
 Metaspace       used 162542K, capacity 166425K, committed 168532K, reserved 1196032K
  class space    used 20212K, capacity 21745K, committed 22272K, reserved 1048576K
}
Event: 5108.909 GC heap before
{Heap before GC invocations=115 (full 0):
 garbage-first heap   total 227328K, used 178880K [0x0000000080000000, 0x0000000100000000)
  region size 1024K, 30 young (30720K), 2 survivors (2048K)
 Metaspace       used 162809K, capacity 166781K, committed 168532K, reserved 1196032K
  class space    used 20236K, capacity 21781K, committed 22272K, reserved 1048576K
}
Event: 5108.919 GC heap after
{Heap after GC invocations=116 (full 0):
 garbage-first heap   total 227328K, used 152739K [0x0000000080000000, 0x0000000100000000)
  region size 1024K, 4 young (4096K), 4 survivors (4096K)
 Metaspace       used 162809K, capacity 166781K, committed 168532K, reserved 1196032K
  class space    used 20236K, capacity 21781K, committed 22272K, reserved 1048576K
}
Event: 5109.101 GC heap before
{Heap before GC invocations=116 (full 0):
 garbage-first heap   total 227328K, used 212131K [0x0000000080000000, 0x0000000100000000)
  region size 1024K, 33 young (33792K), 4 survivors (4096K)
 Metaspace       used 162819K, capacity 166781K, committed 168532K, reserved 1196032K
  class space    used 20236K, capacity 21781K, committed 22272K, reserved 1048576K
}
Event: 5109.114 GC heap after
{Heap after GC invocations=117 (full 0):
 garbage-first heap   total 231424K, used 186559K [0x0000000080000000, 0x0000000100000000)
  region size 1024K, 5 young (5120K), 5 survivors (5120K)
 Metaspace       used 162819K, capacity 166781K, committed 168532K, reserved 1196032K
  class space    used 20236K, capacity 21781K, committed 22272K, reserved 1048576K
}
Event: 5109.180 GC heap before
{Heap before GC invocations=117 (full 0):
 garbage-first heap   total 231424K, used 197823K [0x0000000080000000, 0x0000000100000000)
  region size 1024K, 16 young (16384K), 5 survivors (5120K)
 Metaspace       used 162819K, capacity 166781K, committed 168532K, reserved 1196032K
  class space    used 20236K, capacity 21781K, committed 22272K, reserved 1048576K
}
Event: 5109.195 GC heap after
{Heap after GC invocations=118 (full 0):
 garbage-first heap   total 231424K, used 191232K [0x0000000080000000, 0x0000000100000000)
  region size 1024K, 2 young (2048K), 2 survivors (2048K)
 Metaspace       used 162819K, capacity 166781K, committed 168532K, reserved 1196032K
  class space    used 20236K, capacity 21781K, committed 22272K, reserved 1048576K
}
Event: 5109.263 GC heap before
{Heap before GC invocations=119 (full 0):
 garbage-first heap   total 231424K, used 201472K [0x0000000080000000, 0x0000000100000000)
  region size 1024K, 11 young (11264K), 2 survivors (2048K)
 Metaspace       used 162823K, capacity 166781K, committed 168532K, reserved 1196032K
  class space    used 20236K, capacity 21781K, committed 22272K, reserved 1048576K
}
Event: 5109.274 GC heap after
{Heap after GC invocations=120 (full 0):
 garbage-first heap   total 231424K, used 196163K [0x0000000080000000, 0x0000000100000000)
  region size 1024K, 2 young (2048K), 2 survivors (2048K)
 Metaspace       used 162823K, capacity 166781K, committed 168532K, reserved 1196032K
  class space    used 20236K, capacity 21781K, committed 22272K, reserved 1048576K
}
Event: 5109.370 GC heap before
{Heap before GC invocations=120 (full 0):
 garbage-first heap   total 231424K, used 205379K [0x0000000080000000, 0x0000000100000000)
  region size 1024K, 11 young (11264K), 2 survivors (2048K)
 Metaspace       used 162833K, capacity 166783K, committed 168532K, reserved 1196032K
  class space    used 20236K, capacity 21781K, committed 22272K, reserved 1048576K
}
Event: 5109.384 GC heap after
{Heap after GC invocations=121 (full 0):
 garbage-first heap   total 231424K, used 200256K [0x0000000080000000, 0x0000000100000000)
  region size 1024K, 2 young (2048K), 2 survivors (2048K)
 Metaspace       used 162833K, capacity 166783K, committed 168532K, reserved 1196032K
  class space    used 20236K, capacity 21781K, committed 22272K, reserved 1048576K
}
Event: 5109.505 GC heap before
{Heap before GC invocations=121 (full 0):
 garbage-first heap   total 231424K, used 209472K [0x0000000080000000, 0x0000000100000000)
  region size 1024K, 11 young (11264K), 2 survivors (2048K)
 Metaspace       used 162963K, capacity 166956K, committed 168788K, reserved 1196032K
  class space    used 20241K, capacity 21816K, committed 22272K, reserved 1048576K
}
Event: 5109.519 GC heap after
{Heap after GC invocations=122 (full 0):
 garbage-first heap   total 362496K, used 204800K [0x0000000080000000, 0x0000000100000000)
  region size 1024K, 2 young (2048K), 2 survivors (2048K)
 Metaspace       used 162963K, capacity 166956K, committed 168788K, reserved 1196032K
  class space    used 20241K, capacity 21816K, committed 22272K, reserved 1048576K
}

