# JRE version: OpenJDK Runtime Environment (11.0.11+9) (build 11.0.11+9-b60-7590822)
# Java VM: OpenJDK 64-Bit Server VM (11.0.11+9-b60-7590822, mixed mode, tiered, compressed oops, g1 gc, windows-amd64)
Heap:
 garbage-first heap   total 189440K, used 51200K [0x0000000080000000, 0x0000000100000000)
  region size 1024K, 12 young (12288K), 12 survivors (12288K)
 Metaspace       used 56080K, capacity 57417K, committed 57756K, reserved 1099776K
  class space    used 7101K, capacity 7581K, committed 7680K, reserved 1048576K
GC Heap History (19 events):
Event: 0.388 GC heap before
{Heap before GC invocations=0 (full 0):
 garbage-first heap   total 131072K, used 19456K [0x0000000080000000, 0x0000000100000000)
  region size 1024K, 14 young (14336K), 0 survivors (0K)
 Metaspace       used 6753K, capacity 6933K, committed 7168K, reserved 1056768K
  class space    used 584K, capacity 650K, committed 768K, reserved 1048576K
}
Event: 0.392 GC heap after
{Heap after GC invocations=1 (full 0):
 garbage-first heap   total 131072K, used 7833K [0x0000000080000000, 0x0000000100000000)
  region size 1024K, 2 young (2048K), 2 survivors (2048K)
 Metaspace       used 6753K, capacity 6933K, committed 7168K, reserved 1056768K
  class space    used 584K, capacity 650K, committed 768K, reserved 1048576K
}
Event: 0.677 GC heap before
{Heap before GC invocations=1 (full 0):
 garbage-first heap   total 131072K, used 24217K [0x0000000080000000, 0x0000000100000000)
  region size 1024K, 18 young (18432K), 2 survivors (2048K)
 Metaspace       used 10760K, capacity 11075K, committed 11264K, reserved 1058816K
  class space    used 1129K, capacity 1204K, committed 1280K, reserved 1048576K
}
Event: 0.680 GC heap after
{Heap after GC invocations=2 (full 0):
 garbage-first heap   total 131072K, used 9525K [0x0000000080000000, 0x0000000100000000)
  region size 1024K, 2 young (2048K), 2 survivors (2048K)
 Metaspace       used 10760K, capacity 11075K, committed 11264K, reserved 1058816K
  class space    used 1129K, capacity 1204K, committed 1280K, reserved 1048576K
}
Event: 0.929 GC heap before
{Heap before GC invocations=2 (full 0):
 garbage-first heap   total 131072K, used 33077K [0x0000000080000000, 0x0000000100000000)
  region size 1024K, 25 young (25600K), 2 survivors (2048K)
 Metaspace       used 11241K, capacity 11516K, committed 11776K, reserved 1060864K
  class space    used 1176K, capacity 1244K, committed 1280K, reserved 1048576K
}
Event: 0.931 GC heap after
{Heap after GC invocations=3 (full 0):
 garbage-first heap   total 131072K, used 12407K [0x0000000080000000, 0x0000000100000000)
  region size 1024K, 4 young (4096K), 4 survivors (4096K)
 Metaspace       used 11241K, capacity 11516K, committed 11776K, reserved 1060864K
  class space    used 1176K, capacity 1244K, committed 1280K, reserved 1048576K
}
Event: 1.533 GC heap before
{Heap before GC invocations=3 (full 0):
 garbage-first heap   total 131072K, used 49271K [0x0000000080000000, 0x0000000100000000)
  region size 1024K, 41 young (41984K), 4 survivors (4096K)
 Metaspace       used 17368K, capacity 17808K, committed 18048K, reserved 1064960K
  class space    used 2036K, capacity 2155K, committed 2176K, reserved 1048576K
}
Event: 1.538 GC heap after
{Heap after GC invocations=4 (full 0):
 garbage-first heap   total 131072K, used 15680K [0x0000000080000000, 0x0000000100000000)
  region size 1024K, 6 young (6144K), 6 survivors (6144K)
 Metaspace       used 17368K, capacity 17808K, committed 18048K, reserved 1064960K
  class space    used 2036K, capacity 2155K, committed 2176K, reserved 1048576K
}
Event: 1.747 GC heap before
{Heap before GC invocations=4 (full 0):
 garbage-first heap   total 131072K, used 44352K [0x0000000080000000, 0x0000000100000000)
  region size 1024K, 35 young (35840K), 6 survivors (6144K)
 Metaspace       used 20639K, capacity 21112K, committed 21296K, reserved 1069056K
  class space    used 2532K, capacity 2660K, committed 2688K, reserved 1048576K
}
Event: 1.753 GC heap after
{Heap after GC invocations=5 (full 0):
 garbage-first heap   total 131072K, used 16820K [0x0000000080000000, 0x0000000100000000)
  region size 1024K, 7 young (7168K), 7 survivors (7168K)
 Metaspace       used 20639K, capacity 21112K, committed 21296K, reserved 1069056K
  class space    used 2532K, capacity 2660K, committed 2688K, reserved 1048576K
}
Event: 2.187 GC heap before
{Heap before GC invocations=6 (full 0):
 garbage-first heap   total 131072K, used 68020K [0x0000000080000000, 0x0000000100000000)
  region size 1024K, 58 young (59392K), 7 survivors (7168K)
 Metaspace       used 25967K, capacity 26644K, committed 26752K, reserved 1073152K
  class space    used 3401K, capacity 3617K, committed 3712K, reserved 1048576K
}
Event: 2.193 GC heap after
{Heap after GC invocations=7 (full 0):
 garbage-first heap   total 157696K, used 19130K [0x0000000080000000, 0x0000000100000000)
  region size 1024K, 4 young (4096K), 4 survivors (4096K)
 Metaspace       used 25967K, capacity 26644K, committed 26752K, reserved 1073152K
  class space    used 3401K, capacity 3617K, committed 3712K, reserved 1048576K
}
Event: 2.769 GC heap before
{Heap before GC invocations=7 (full 0):
 garbage-first heap   total 157696K, used 78522K [0x0000000080000000, 0x0000000100000000)
  region size 1024K, 63 young (64512K), 4 survivors (4096K)
 Metaspace       used 35043K, capacity 35854K, committed 36048K, reserved 1081344K
  class space    used 4558K, capacity 4863K, committed 4864K, reserved 1048576K
}
Event: 2.777 GC heap after
{Heap after GC invocations=8 (full 0):
 garbage-first heap   total 157696K, used 22642K [0x0000000080000000, 0x0000000100000000)
  region size 1024K, 7 young (7168K), 7 survivors (7168K)
 Metaspace       used 35043K, capacity 35854K, committed 36048K, reserved 1081344K
  class space    used 4558K, capacity 4863K, committed 4864K, reserved 1048576K
}
Event: 3.479 GC heap before
{Heap before GC invocations=9 (full 0):
 garbage-first heap   total 157696K, used 111730K [0x0000000080000000, 0x0000000100000000)
  region size 1024K, 92 young (94208K), 7 survivors (7168K)
 Metaspace       used 42032K, capacity 43028K, committed 43164K, reserved 1087488K
  class space    used 5435K, capacity 5791K, committed 5888K, reserved 1048576K
}
Event: 3.490 GC heap after
{Heap after GC invocations=10 (full 0):
 garbage-first heap   total 157696K, used 28830K [0x0000000080000000, 0x0000000100000000)
  region size 1024K, 12 young (12288K), 12 survivors (12288K)
 Metaspace       used 42032K, capacity 43028K, committed 43164K, reserved 1087488K
  class space    used 5435K, capacity 5791K, committed 5888K, reserved 1048576K
}
Event: 4.242 GC heap before
{Heap before GC invocations=10 (full 0):
 garbage-first heap   total 157696K, used 110750K [0x0000000080000000, 0x0000000100000000)
  region size 1024K, 92 young (94208K), 12 survivors (12288K)
 Metaspace       used 47653K, capacity 48769K, committed 49052K, reserved 1091584K
  class space    used 6084K, capacity 6529K, committed 6656K, reserved 1048576K
}
Event: 4.253 GC heap after
{Heap after GC invocations=11 (full 0):
 garbage-first heap   total 157696K, used 32442K [0x0000000080000000, 0x0000000100000000)
  region size 1024K, 10 young (10240K), 10 survivors (10240K)
 Metaspace       used 47653K, capacity 48769K, committed 49052K, reserved 1091584K
  class space    used 6084K, capacity 6529K, committed 6656K, reserved 1048576K
}
Event: 5.076 GC heap before
{Heap before GC invocations=11 (full 0):
 garbage-first heap   total 157696K, used 124602K [0x0000000080000000, 0x0000000100000000)
  region size 1024K, 92 young (94208K), 10 survivors (10240K)
 Metaspace       used 56080K, capacity 57417K, committed 57756K, reserved 1099776K
  class space    used 7101K, capacity 7581K, committed 7680K, reserved 1048576K
}

